<?xml version="1.0" encoding="UTF-8"?>
<!-- Generated by org.testng.reporters.JUnitReportReporter -->
<testsuite skipped="0" hostname="DESKTOP-ER1H057" name="com.crm.qa.testcases.HomePageTest" tests="1" failures="0" timestamp="2021-12-05T15:00:15 IST" time="15.599" errors="0">
  <testcase name="verifyHomePageTitle" time="15.599" classname="com.crm.qa.testcases.HomePageTest"/>
  <system-out/>
</testsuite> <!-- com.crm.qa.testcases.HomePageTest -->
