<?xml version="1.0" encoding="UTF-8"?>
<!-- Generated by org.testng.reporters.JUnitReportReporter -->
<testsuite skipped="0" hostname="DESKTOP-ER1H057" name="com.crm.qa.testcases.LoginPageTest" tests="2" failures="0" timestamp="2021-12-05T15:00:15 IST" time="35.432" errors="0">
  <testcase name="loginPageTitleTest" time="12.350" classname="com.crm.qa.testcases.LoginPageTest"/>
  <system-out/>
  <testcase name="loginTest" time="23.082" classname="com.crm.qa.testcases.LoginPageTest"/>
  <system-out/>
</testsuite> <!-- com.crm.qa.testcases.LoginPageTest -->
